<?xml version="1.0" encoding="UTF-8" ?>
<testsuite errors="0" failures="0" hostname="BlackbirdA" name="serie1.HIndexTest" tests="8" time="0.09" timestamp="2014-10-25T18:32:59">
  <properties>
[...]
</properties>
  <testcase classname="serie1.HIndexTest" name="hIndex_WithGreaterElementsAndWithEquals" time="0.011" />
  <testcase classname="serie1.HIndexTest" name="hIndex_WithGreaterElements" time="0.001" />
  <testcase classname="serie1.HIndexTest" name="hIndex_WithSmallerElementsAndWithEquals" time="0.0" />
  <testcase classname="serie1.HIndexTest" name="hIndex_On_An_Array" time="0.0" />
  <testcase classname="serie1.HIndexTest" name="hIndex_OnEmptyArray" time="0.001" />
  <testcase classname="serie1.HIndexTest" name="hIndex_SingleElementArray" time="0.0" />
  <testcase classname="serie1.HIndexTest" name="hIndex_WithSmallerElementsOrdered" time="0.0" />
  <testcase classname="serie1.HIndexTest" name="hIndex_WithSmallerElementsUnOrdered" time="0.0" />
  <system-out><![CDATA[]]></system-out>
  <system-err><![CDATA[]]></system-err>
</testsuite>
