<?xml version="1.0" encoding="UTF-8" ?>
<testsuite errors="0" failures="1" hostname="BlackbirdA" name="serie1.DeleteMinTest" tests="6" time="0.101" timestamp="2014-10-25T18:32:58">
  <properties>
[...]
</properties>
  <testcase classname="serie1.DeleteMinTest" name="deleteMinTest_onEmptyHeapAndEmptyArray" time="0.015" />
  <testcase classname="serie1.DeleteMinTest" name="deleteMinTest_onEmptyHeap" time="0.002" />
  <testcase classname="serie1.DeleteMinTest" name="deleteMinTest_onHeapWithOneElement" time="0.0" />
  <testcase classname="serie1.DeleteMinTest" name="deleteMinTest_withMinOnLastElement" time="0.0" />
  <testcase classname="serie1.DeleteMinTest" name="deleteMinTest_withMinNotInLastElement" time="0.001" />
  <testcase classname="serie1.DeleteMinTest" name="deleteMinTest_withMoveElement" time="0.01">
    <failure message="arrays first differed at element [2]; expected:&lt;7&gt; but was:&lt;3&gt;" type="junit.framework.AssertionFailedError">junit.framework.AssertionFailedError: arrays first differed at element [2]; expected:&lt;7&gt; but was:&lt;3&gt;
	at serie1.DeleteMinTest.deleteMinTest_withMoveElement(DeleteMinTest.java)
</failure>
  </testcase>
  <system-out><![CDATA[0
0
0
0
0
2
0
]]></system-out>
  <system-err><![CDATA[]]></system-err>
</testsuite>
